<?xml version="1.0" encoding="UTF-8"?>
<!-- Generated by org.testng.reporters.JUnitReportReporter -->
<testsuite skipped="0" hostname="DESKTOP-N308L1J" name="variousConcepts.CrmTest" tests="1" failures="0" timestamp="12 Mar 2022 18:40:20 GMT" time="11.346" errors="0">
  <testcase name="addCustomerTest" time="11.346" classname="variousConcepts.CrmTest"/>
</testsuite> <!-- variousConcepts.CrmTest -->
